Arguments: 
  C:\Program Files\nodejs\node.exe C:\Users\Administrator\AppData\Roaming\npm\node_modules\yarn\bin\yarn.js add typescript -D

PATH: 
  C:\Program Files (x86)\Common Files\Intel\Shared Libraries\redist\intel64\compiler;C:\WINDOWS\system32;C:\WINDOWS;C:\WINDOWS\System32\Wbem;C:\WINDOWS\System32\WindowsPowerShell\v1.0\;C:\Program Files (x86)\Microsoft SQL Server\110\Tools\Binn\;C:\Program Files\Microsoft SQL Server\110\Tools\Binn\;C:\Program Files\Microsoft SQL Server\110\DTS\Binn\;C:\Program Files (x86)\Microsoft SQL Server\110\Tools\Binn\ManagementStudio\;C:\Program Files (x86)\Microsoft SQL Server\110\DTS\Binn\;D:\artios\Common\Program\;C:\Program Files\Git\cmd;C:\Program Files\dotnet\;C:\Users\Administrator\AppData\Roaming\Microsoft\Windows\Start Menu\Programs\Python 3.6;C:\mingw64\bin;C:\mysql-8.0.18-winx64\bin;C:\Program Files\nodejs\node_global\node_modules;C:\Program Files\nodejs\node_global;C:\Program Files\nodejs;E:\program file(self)\MongoDB\bin;C:\WINDOWS\System32\OpenSSH\;C:\Users\Administrator\AppData\Roaming\npm\node_modules\node_global;C:\Program Files\nodejs;D:\新建文件夹\vc++6.0\Tools\WinNT;D:\新建文件夹\vc++6.0\MSDev98\Bin;D:\新建文件夹\vc++6.0\Tools;D:\新建文件夹\VC98\bin;D:\新建文件夹\python3.6\Scripts\;C:\Users\Administrator\AppData\Local\Microsoft\WindowsApps;C:\Users\Administrator\AppData\Local\GitHubDesktop\bin;D:\新建文件夹\python3.6;C:\Program Files\JetBrains\PyCharm 2019.3.1\bin;;C:\mingw64\bin;C:\Users\Administrator\AppData\Local\Programs\Microsoft VS Code\bin;C:\Program Files\nodejs\node_global;D:\hugo_0.72.0_Windows-64bit;;C:\Users\Administrator\AppData\Local\Microsoft\WindowsApps;C:\Users\Administrator\AppData\Roaming\npm

Yarn version: 
  1.22.4

Node version: 
  12.18.3

Platform: 
  win32 x64

Trace: 
  SyntaxError: C:\Users\Administrator\Desktop\tsdemo\package.json: Unexpected token } in JSON at position 139
      at JSON.parse (<anonymous>)
      at C:\Users\Administrator\AppData\Roaming\npm\node_modules\yarn\lib\cli.js:1625:59
      at Generator.next (<anonymous>)
      at step (C:\Users\Administrator\AppData\Roaming\npm\node_modules\yarn\lib\cli.js:310:30)
      at C:\Users\Administrator\AppData\Roaming\npm\node_modules\yarn\lib\cli.js:321:13

npm manifest: 
  {
    "name": "tsdemo",
    "version": "1.0.0",
    "main": "index.js",
    "license": "MIT",
    "dependencies": {
      "@types/node": "^14.10.1",
    }
  }

yarn manifest: 
  No manifest

Lockfile: 
  # THIS IS AN AUTOGENERATED FILE. DO NOT EDIT THIS FILE DIRECTLY.
  # yarn lockfile v1
  
  
  "@types/node@^14.10.1":
    version "14.10.1"
    resolved "https://registry.npm.taobao.org/@types/node/download/@types/node-14.10.1.tgz?cache=0&sync_timestamp=1599843027918&other_urls=https%3A%2F%2Fregistry.npm.taobao.org%2F%40types%2Fnode%2Fdownload%2F%40types%2Fnode-14.10.1.tgz#cc323bad8e8a533d4822f45ce4e5326f36e42177"
    integrity sha1-zDI7rY6KUz1IIvRc5OUybzbkIXc=
  
  typescript@^4.0.2:
    version "4.0.2"
    resolved "https://registry.npm.taobao.org/typescript/download/typescript-4.0.2.tgz?cache=0&sync_timestamp=1599979970563&other_urls=https%3A%2F%2Fregistry.npm.taobao.org%2Ftypescript%2Fdownload%2Ftypescript-4.0.2.tgz#7ea7c88777c723c681e33bf7988be5d008d05ac2"
    integrity sha1-fqfIh3fHI8aB4zv3mIvl0AjQWsI=
